2023-12-06 11:00:33:033 - [32minfo[39m : [32mAplicação funcionando na porta: 3000[39m
2023-12-06 11:01:53:153 - [32minfo[39m : [32mConectou ao banco de dados[39m
2023-12-06 11:01:53:153 - [32minfo[39m : [32mAplicação funcionando na porta: 3000[39m
2023-12-06 11:02:13:213 - [32minfo[39m : [32mConectou ao banco de dados[39m
2023-12-06 11:02:13:213 - [32minfo[39m : [32mAplicação funcionando na porta: 3000[39m
2023-12-06 11:02:33:233 - [32minfo[39m : [32mConectou ao banco de dados[39m
2023-12-06 11:02:33:233 - [32minfo[39m : [32mAplicação funcionando na porta: 3000[39m
2023-12-06 11:02:36:236 - [32minfo[39m : [32mConectou ao banco de dados[39m
2023-12-06 11:02:36:236 - [32minfo[39m : [32mAplicação funcionando na porta: 3000[39m
2023-12-06 11:03:37:337 - [32minfo[39m : [32mConectou ao banco de dados[39m
2023-12-06 11:03:37:337 - [32minfo[39m : [32mAplicação funcionando na porta: 3000[39m
2023-12-06 11:03:42:342 - [31merror[39m : [31mNão foi possível conectar[39m
2023-12-06 11:03:42:342 - [31merror[39m : [31m{Erro: Error: querySrv ENOTFOUND _mongodb._tcp.cluster0.no36x5.mongodb.net[39m
2023-12-06 11:03:42:342 - [32minfo[39m : [32mAplicação funcionando na porta: 3000[39m
2023-12-06 11:04:02:42 - [32minfo[39m : [32mConectou ao banco de dados[39m
2023-12-06 11:04:02:42 - [32minfo[39m : [32mAplicação funcionando na porta: 3000[39m
2023-12-06 11:04:05:45 - [32minfo[39m : [32mConectou ao banco de dados[39m
2023-12-06 11:04:05:45 - [32minfo[39m : [32mAplicação funcionando na porta: 3000[39m
2023-12-06 11:07:46:746 - [32minfo[39m : [32mConectou ao banco de dados[39m
2023-12-06 11:07:46:746 - [32minfo[39m : [32mAplicação funcionando na porta: 3000[39m
2023-12-06 11:07:49:749 - [32minfo[39m : [32mConectou ao banco de dados[39m
2023-12-06 11:07:49:749 - [32minfo[39m : [32mAplicação funcionando na porta: 3000[39m
2023-12-06 11:08:10:810 - [32minfo[39m : [32mConectou ao banco de dados[39m
2023-12-06 11:08:10:810 - [32minfo[39m : [32mAplicação funcionando na porta: 3000[39m
2023-12-06 11:10:00:100 - [32minfo[39m : [32mConectou ao banco de dados[39m
2023-12-06 11:10:00:100 - [32minfo[39m : [32mAplicação funcionando na porta: 3000[39m
2023-12-06 11:12:24:1224 - [32minfo[39m : [32mConectou ao banco de dados[39m
2023-12-06 11:12:24:1224 - [32minfo[39m : [32mAplicação funcionando na porta: 3000[39m
2023-12-06 11:13:15:1315 - [32minfo[39m : [32mConectou ao banco de dados[39m
2023-12-06 11:13:15:1315 - [32minfo[39m : [32mAplicação funcionando na porta: 3000[39m
2023-12-06 11:13:21:1321 - [32minfo[39m : [32mConectou ao banco de dados[39m
2023-12-06 11:13:21:1321 - [32minfo[39m : [32mAplicação funcionando na porta: 3000[39m
2023-12-06 11:17:03:173 - [32minfo[39m : [32mConectou ao banco de dados[39m
2023-12-06 11:17:03:173 - [32minfo[39m : [32mAplicação funcionando na porta: 3000[39m
2023-12-06 11:18:34:1834 - [32minfo[39m : [32mConectou ao banco de dados[39m
2023-12-06 11:18:34:1834 - [32minfo[39m : [32mAplicação funcionando na porta: 3000[39m
2023-12-06 11:19:24:1924 - [32minfo[39m : [32mConectou ao banco de dados[39m
2023-12-06 11:19:24:1924 - [32minfo[39m : [32mAplicação funcionando na porta: 3000[39m
2023-12-06 11:20:47:2047 - [32minfo[39m : [32mConectou ao banco de dados[39m
2023-12-06 11:20:47:2047 - [32minfo[39m : [32mAplicação funcionando na porta: 3000[39m
2023-12-06 11:21:07:217 - [32minfo[39m : [32mConectou ao banco de dados[39m
2023-12-06 11:21:07:217 - [32minfo[39m : [32mAplicação funcionando na porta: 3000[39m
2023-12-06 11:21:27:2127 - [32minfo[39m : [32mConectou ao banco de dados[39m
2023-12-06 11:21:27:2127 - [32minfo[39m : [32mAplicação funcionando na porta: 3000[39m
2023-12-06 11:21:37:2137 - [32minfo[39m : [32mConectou ao banco de dados[39m
2023-12-06 11:21:37:2137 - [32minfo[39m : [32mAplicação funcionando na porta: 3000[39m
2023-12-06 11:21:39:2139 - [32minfo[39m : [32mConectou ao banco de dados[39m
2023-12-06 11:21:39:2139 - [32minfo[39m : [32mAplicação funcionando na porta: 3000[39m
2023-12-06 11:21:50:2150 - [32minfo[39m : [32mConectou ao banco de dados[39m
2023-12-06 11:21:50:2150 - [32minfo[39m : [32mAplicação funcionando na porta: 3000[39m
2023-12-06 11:27:00:270 - [32minfo[39m : Conectou ao banco de dados
2023-12-06 11:27:00:270 - [32minfo[39m : Aplicação funcionando na porta: 3000
2023-12-06 11:27:03:273 - [32minfo[39m : Conectou ao banco de dados
2023-12-06 11:27:03:273 - [32minfo[39m : Aplicação funcionando na porta: 3000
2023-12-06 11:27:09:279 - [32minfo[39m : [32mConectou ao banco de dados[39m
2023-12-06 11:27:09:279 - [32minfo[39m : [32mAplicação funcionando na porta: 3000[39m
2023-12-06 11:27:12:2712 - [32minfo[39m : [32mConectou ao banco de dados[39m
2023-12-06 11:27:12:2712 - [32minfo[39m : [32mAplicação funcionando na porta: 3000[39m
2023-12-06 11:27:40:2740 - [32minfo[39m : [32mConectou ao banco de dados[39m
2023-12-06 11:27:40:2740 - [32minfo[39m : [32mAplicação funcionando na porta: 3000[39m
2023-12-06 11:27:52:2752 - [32minfo[39m : [32mConectou ao banco de dados[39m
2023-12-06 11:27:52:2752 - [32minfo[39m : [32mAplicação funcionando na porta: 3000[39m
2023-12-06 11:28:00:280 - [31merror[39m : [31mNão foi possível conectar ao banco de dados[39m
2023-12-06 11:28:11:2811 - [32minfo[39m : [32mConectou ao banco de dados[39m
2023-12-06 11:28:11:2811 - [32minfo[39m : [32mAplicação funcionando na porta: 3000[39m
2023-12-06 11:30:23:3023 - [32minfo[39m : [32mConectou ao banco de dados[39m
2023-12-06 11:30:23:3023 - [32minfo[39m : [32mAplicação funcionando na porta: 3000[39m
2023-12-06 11:30:32:3032 - [32minfo[39m : [32mConectou ao banco de dados[39m
2023-12-06 11:30:32:3032 - [32minfo[39m : [32mAplicação funcionando na porta: 3000[39m
2023-12-06 11:42:04:424 - [32minfo[39m : [32mConectou ao banco de dados[39m
2023-12-06 11:42:04:424 - [32minfo[39m : [32mAplicação funcionando na porta: 3000[39m
2023-12-06 11:42:14:4214 - [32minfo[39m : [32mConectou ao banco de dados[39m
2023-12-06 11:42:14:4214 - [32minfo[39m : [32mAplicação funcionando na porta: 3000[39m
2023-12-06 11:42:46:4246 - [32minfo[39m : [32mConectou ao banco de dados[39m
2023-12-06 11:42:46:4246 - [32minfo[39m : [32mAplicação funcionando na porta: 3000[39m
2023-12-06 11:42:54:4254 - [32minfo[39m : [32mConectou ao banco de dados[39m
2023-12-06 11:42:54:4254 - [32minfo[39m : [32mAplicação funcionando na porta: 3000[39m
2023-12-06 11:43:28:4328 - [32minfo[39m : [32mConectou ao banco de dados[39m
2023-12-06 11:43:28:4328 - [32minfo[39m : [32mAplicação funcionando na porta: 3000[39m
